Build started 9/1/2013 8:26:19 AM.
     1>Project "C:\Users\Ujay\Links\Documents\Visual Studio 2012\C++\TestRun\TestRun\TestRun.vcxproj" on node 2 (Build target(s)).
     1>ClCompile:
         C:\Program Files (x86)\Microsoft Visual Studio 11.0\VC\bin\CL.exe /c /ZI /nologo /W3 /WX- /Od /Oy- /D WIN32 /D _DEBUG /D _CONSOLE /D _UNICODE /D UNICODE /Gm /EHsc /RTC1 /MDd /GS /fp:precise /Zc:wchar_t /Zc:forScope /Fo"Debug\\" /Fd"Debug\vc110.pdb" /Gd /TP /analyze- /errorReport:prompt Source.cpp
         Source.cpp
       Link:
         C:\Program Files (x86)\Microsoft Visual Studio 11.0\VC\bin\link.exe /ERRORREPORT:PROMPT /OUT:"C:\Users\Ujay\Links\Documents\Visual Studio 2012\C++\TestRun\Debug\TestRun.exe" /INCREMENTAL /NOLOGO kernel32.lib user32.lib gdi32.lib winspool.lib comdlg32.lib advapi32.lib shell32.lib ole32.lib oleaut32.lib uuid.lib odbc32.lib odbccp32.lib /MANIFEST /MANIFESTUAC:"level='asInvoker' uiAccess='false'" /manifest:embed /DEBUG /PDB:"C:\Users\Ujay\Links\Documents\Visual Studio 2012\C++\TestRun\Debug\TestRun.pdb" /SUBSYSTEM:CONSOLE /TLBID:1 /DYNAMICBASE /NXCOMPAT /IMPLIB:"C:\Users\Ujay\Links\Documents\Visual Studio 2012\C++\TestRun\Debug\TestRun.lib" /MACHINE:X86 Debug\Source.obj
     1>Source.obj : error LNK2001: unresolved external symbol "public: static class std::basic_string<char,struct std::char_traits<char>,class std::allocator<char> > Hellow::greeting" (?greeting@Hellow@@2V?$basic_string@DU?$char_traits@D@std@@V?$allocator@D@2@@std@@A)
     1>C:\Users\Ujay\Links\Documents\Visual Studio 2012\C++\TestRun\Debug\TestRun.exe : fatal error LNK1120: 1 unresolved externals
     1>Done Building Project "C:\Users\Ujay\Links\Documents\Visual Studio 2012\C++\TestRun\TestRun\TestRun.vcxproj" (Build target(s)) -- FAILED.

Build FAILED.

Time Elapsed 00:00:02.95
